  [1m[35m (833.2ms)[0m  [1m[35mCREATE DATABASE "BACKEND_RigAssist_development" ENCODING = 'unicode'[0m
  [1m[35m (1094.5ms)[0m  [1m[35mCREATE DATABASE "BACKEND_RigAssist_test" ENCODING = 'unicode'[0m
  [1m[35m (56.5ms)[0m  [1m[35mCREATE TABLE "schema_migrations" ("version" character varying NOT NULL PRIMARY KEY)[0m
  [1m[35m (56.8ms)[0m  [1m[35mCREATE TABLE "ar_internal_metadata" ("key" character varying NOT NULL PRIMARY KEY, "value" character varying, "created_at" timestamp(6) NOT NULL, "updated_at" timestamp(6) NOT NULL)[0m
  [1m[35m (29.6ms)[0m  [1m[34mSELECT pg_try_advisory_lock(6436530462466434435)[0m
  [1m[35m (3.8ms)[0m  [1m[34mSELECT "schema_migrations"."version" FROM "schema_migrations" ORDER BY "schema_migrations"."version" ASC[0m
Migrating to CreateUsers (20191030201151)
  [1m[35m (40.5ms)[0m  [1m[35mBEGIN[0m
  [1m[35m (21.6ms)[0m  [1m[35mCREATE TABLE "users" ("id" bigserial primary key, "username" character varying, "password" character varying, "created_at" timestamp(6) NOT NULL, "updated_at" timestamp(6) NOT NULL)[0m
  [1m[36mprimary::SchemaMigration Create (5.1ms)[0m  [1m[32mINSERT INTO "schema_migrations" ("version") VALUES ($1) RETURNING "version"[0m  [["version", "20191030201151"]]
  [1m[35m (1.8ms)[0m  [1m[35mCOMMIT[0m
Migrating to CreateProjects (20191030201759)
  [1m[35m (40.2ms)[0m  [1m[35mBEGIN[0m
  [1m[35m (19.0ms)[0m  [1m[35mCREATE TABLE "projects" ("id" bigserial primary key, "name" character varying, "user_id" integer, "animation_id" integer, "created_at" timestamp(6) NOT NULL, "updated_at" timestamp(6) NOT NULL)[0m
  [1m[36mprimary::SchemaMigration Create (1.9ms)[0m  [1m[32mINSERT INTO "schema_migrations" ("version") VALUES ($1) RETURNING "version"[0m  [["version", "20191030201759"]]
  [1m[35m (3.7ms)[0m  [1m[35mCOMMIT[0m
Migrating to CreateAnimations (20191030201936)
  [1m[35m (25.2ms)[0m  [1m[35mBEGIN[0m
  [1m[35m (17.6ms)[0m  [1m[35mCREATE TABLE "animations" ("id" bigserial primary key, "name" character varying, "settings" text, "created_at" timestamp(6) NOT NULL, "updated_at" timestamp(6) NOT NULL)[0m
  [1m[36mprimary::SchemaMigration Create (1.0ms)[0m  [1m[32mINSERT INTO "schema_migrations" ("version") VALUES ($1) RETURNING "version"[0m  [["version", "20191030201936"]]
  [1m[35m (1.5ms)[0m  [1m[35mCOMMIT[0m
  [1m[36mActiveRecord::InternalMetadata Load (0.6ms)[0m  [1m[34mSELECT "ar_internal_metadata".* FROM "ar_internal_metadata" WHERE "ar_internal_metadata"."key" = $1 LIMIT $2[0m  [["key", "environment"], ["LIMIT", 1]]
  [1m[35m (0.2ms)[0m  [1m[35mBEGIN[0m
  [1m[36mActiveRecord::InternalMetadata Create (22.3ms)[0m  [1m[32mINSERT INTO "ar_internal_metadata" ("key", "value", "created_at", "updated_at") VALUES ($1, $2, $3, $4) RETURNING "key"[0m  [["key", "environment"], ["value", "development"], ["created_at", "2019-10-30 20:25:15.298943"], ["updated_at", "2019-10-30 20:25:15.298943"]]
  [1m[35m (1.6ms)[0m  [1m[35mCOMMIT[0m
  [1m[35m (0.5ms)[0m  [1m[34mSELECT pg_advisory_unlock(6436530462466434435)[0m
  [1m[35m (4.2ms)[0m  [1m[34mSELECT "schema_migrations"."version" FROM "schema_migrations" ORDER BY "schema_migrations"."version" ASC[0m
  [1m[35m (5.7ms)[0m  [1m[34mSELECT "schema_migrations"."version" FROM "schema_migrations" ORDER BY "schema_migrations"."version" ASC[0m
  [1m[36mUser Load (1.8ms)[0m  [1m[34mSELECT "users".* FROM "users"[0m
  [1m[36mAnimation Load (43.9ms)[0m  [1m[34mSELECT "animations".* FROM "animations"[0m
  [1m[36mProject Load (25.3ms)[0m  [1m[34mSELECT "projects".* FROM "projects"[0m
  [1m[36mUser Load (0.6ms)[0m  [1m[34mSELECT "users".* FROM "users" WHERE "users"."username" = $1 AND "users"."password" = $2 LIMIT $3[0m  [["username", "Carlos"], ["password", "password"], ["LIMIT", 1]]
  [1m[35m (0.2ms)[0m  [1m[35mBEGIN[0m
  [1m[36mUser Create (2.4ms)[0m  [1m[32mINSERT INTO "users" ("username", "password", "created_at", "updated_at") VALUES ($1, $2, $3, $4) RETURNING "id"[0m  [["username", "Carlos"], ["password", "password"], ["created_at", "2019-10-30 20:50:07.466194"], ["updated_at", "2019-10-30 20:50:07.466194"]]
  [1m[35m (1.6ms)[0m  [1m[35mCOMMIT[0m
  [1m[36mUser Load (3.1ms)[0m  [1m[34mSELECT "users".* FROM "users" WHERE "users"."username" = $1 AND "users"."password" = $2 LIMIT $3[0m  [["username", "Erin"], ["password", "password"], ["LIMIT", 1]]
  [1m[35m (0.5ms)[0m  [1m[35mBEGIN[0m
  [1m[36mUser Create (2.0ms)[0m  [1m[32mINSERT INTO "users" ("username", "password", "created_at", "updated_at") VALUES ($1, $2, $3, $4) RETURNING "id"[0m  [["username", "Erin"], ["password", "password"], ["created_at", "2019-10-30 20:50:07.488716"], ["updated_at", "2019-10-30 20:50:07.488716"]]
  [1m[35m (1.6ms)[0m  [1m[35mCOMMIT[0m
  [1m[36mUser Load (0.6ms)[0m  [1m[34mSELECT "users".* FROM "users" WHERE "users"."username" = $1 AND "users"."password" = $2 LIMIT $3[0m  [["username", "Becka"], ["password", "password"], ["LIMIT", 1]]
  [1m[35m (0.2ms)[0m  [1m[35mBEGIN[0m
  [1m[36mUser Create (0.6ms)[0m  [1m[32mINSERT INTO "users" ("username", "password", "created_at", "updated_at") VALUES ($1, $2, $3, $4) RETURNING "id"[0m  [["username", "Becka"], ["password", "password"], ["created_at", "2019-10-30 20:50:07.502547"], ["updated_at", "2019-10-30 20:50:07.502547"]]
  [1m[35m (1.4ms)[0m  [1m[35mCOMMIT[0m
  [1m[36mUser Load (0.4ms)[0m  [1m[34mSELECT "users".* FROM "users" WHERE "users"."username" = $1 AND "users"."password" = $2 LIMIT $3[0m  [["username", "Taylor"], ["password", "password"], ["LIMIT", 1]]
  [1m[35m (0.2ms)[0m  [1m[35mBEGIN[0m
  [1m[36mUser Create (0.6ms)[0m  [1m[32mINSERT INTO "users" ("username", "password", "created_at", "updated_at") VALUES ($1, $2, $3, $4) RETURNING "id"[0m  [["username", "Taylor"], ["password", "password"], ["created_at", "2019-10-30 20:50:07.512613"], ["updated_at", "2019-10-30 20:50:07.512613"]]
  [1m[35m (1.4ms)[0m  [1m[35mCOMMIT[0m
  [1m[36mUser Load (0.4ms)[0m  [1m[34mSELECT "users".* FROM "users" WHERE "users"."username" = $1 AND "users"."password" = $2 LIMIT $3[0m  [["username", "Aaron"], ["password", "password"], ["LIMIT", 1]]
  [1m[35m (0.3ms)[0m  [1m[35mBEGIN[0m
  [1m[36mUser Create (0.5ms)[0m  [1m[32mINSERT INTO "users" ("username", "password", "created_at", "updated_at") VALUES ($1, $2, $3, $4) RETURNING "id"[0m  [["username", "Aaron"], ["password", "password"], ["created_at", "2019-10-30 20:50:07.520438"], ["updated_at", "2019-10-30 20:50:07.520438"]]
  [1m[35m (1.3ms)[0m  [1m[35mCOMMIT[0m
  [1m[36mAnimation Load (0.3ms)[0m  [1m[34mSELECT "animations".* FROM "animations" WHERE "animations"."name" = $1 AND "animations"."settings" = $2 LIMIT $3[0m  [["name", "Button1"], ["settings", "{rotateX: 20, color: blue, positionX: 3}"], ["LIMIT", 1]]
  [1m[35m (0.2ms)[0m  [1m[35mBEGIN[0m
  [1m[36mAnimation Create (0.8ms)[0m  [1m[32mINSERT INTO "animations" ("name", "settings", "created_at", "updated_at") VALUES ($1, $2, $3, $4) RETURNING "id"[0m  [["name", "Button1"], ["settings", "{rotateX: 20, color: blue, positionX: 3}"], ["created_at", "2019-10-30 20:50:07.536334"], ["updated_at", "2019-10-30 20:50:07.536334"]]
  [1m[35m (1.4ms)[0m  [1m[35mCOMMIT[0m
  [1m[36mAnimation Load (0.4ms)[0m  [1m[34mSELECT "animations".* FROM "animations" WHERE "animations"."name" = $1 AND "animations"."settings" = $2 LIMIT $3[0m  [["name", "Button2"], ["settings", "{rotateX: 20, color: blue, positionX: 3}"], ["LIMIT", 1]]
  [1m[35m (0.2ms)[0m  [1m[35mBEGIN[0m
  [1m[36mAnimation Create (0.4ms)[0m  [1m[32mINSERT INTO "animations" ("name", "settings", "created_at", "updated_at") VALUES ($1, $2, $3, $4) RETURNING "id"[0m  [["name", "Button2"], ["settings", "{rotateX: 20, color: blue, positionX: 3}"], ["created_at", "2019-10-30 20:50:07.544447"], ["updated_at", "2019-10-30 20:50:07.544447"]]
  [1m[35m (1.5ms)[0m  [1m[35mCOMMIT[0m
  [1m[36mAnimation Load (0.4ms)[0m  [1m[34mSELECT "animations".* FROM "animations" WHERE "animations"."name" = $1 AND "animations"."settings" = $2 LIMIT $3[0m  [["name", "Button3"], ["settings", "{rotateX: 20, color: blue, positionX: 3}"], ["LIMIT", 1]]
  [1m[35m (0.2ms)[0m  [1m[35mBEGIN[0m
  [1m[36mAnimation Create (0.5ms)[0m  [1m[32mINSERT INTO "animations" ("name", "settings", "created_at", "updated_at") VALUES ($1, $2, $3, $4) RETURNING "id"[0m  [["name", "Button3"], ["settings", "{rotateX: 20, color: blue, positionX: 3}"], ["created_at", "2019-10-30 20:50:07.552075"], ["updated_at", "2019-10-30 20:50:07.552075"]]
  [1m[35m (1.3ms)[0m  [1m[35mCOMMIT[0m
  [1m[36mAnimation Load (0.4ms)[0m  [1m[34mSELECT "animations".* FROM "animations" WHERE "animations"."name" = $1 AND "animations"."settings" = $2 LIMIT $3[0m  [["name", "Button4"], ["settings", "{rotateX: 20, color: blue, positionX: 3}"], ["LIMIT", 1]]
  [1m[35m (0.2ms)[0m  [1m[35mBEGIN[0m
  [1m[36mAnimation Create (0.5ms)[0m  [1m[32mINSERT INTO "animations" ("name", "settings", "created_at", "updated_at") VALUES ($1, $2, $3, $4) RETURNING "id"[0m  [["name", "Button4"], ["settings", "{rotateX: 20, color: blue, positionX: 3}"], ["created_at", "2019-10-30 20:50:07.574585"], ["updated_at", "2019-10-30 20:50:07.574585"]]
  [1m[35m (1.5ms)[0m  [1m[35mCOMMIT[0m
  [1m[36mAnimation Load (0.4ms)[0m  [1m[34mSELECT "animations".* FROM "animations" WHERE "animations"."name" = $1 AND "animations"."settings" = $2 LIMIT $3[0m  [["name", "Button5"], ["settings", "{rotateX: 20, color: blue, positionX: 3}"], ["LIMIT", 1]]
  [1m[35m (0.2ms)[0m  [1m[35mBEGIN[0m
  [1m[36mAnimation Create (0.9ms)[0m  [1m[32mINSERT INTO "animations" ("name", "settings", "created_at", "updated_at") VALUES ($1, $2, $3, $4) RETURNING "id"[0m  [["name", "Button5"], ["settings", "{rotateX: 20, color: blue, positionX: 3}"], ["created_at", "2019-10-30 20:50:07.582794"], ["updated_at", "2019-10-30 20:50:07.582794"]]
  [1m[35m (1.4ms)[0m  [1m[35mCOMMIT[0m
  [1m[36mAnimation Load (0.4ms)[0m  [1m[34mSELECT "animations".* FROM "animations" WHERE "animations"."name" = $1 AND "animations"."settings" = $2 LIMIT $3[0m  [["name", "Button6"], ["settings", "{rotateX: 20, color: blue, positionX: 3}"], ["LIMIT", 1]]
  [1m[35m (0.7ms)[0m  [1m[35mBEGIN[0m
  [1m[36mAnimation Create (0.5ms)[0m  [1m[32mINSERT INTO "animations" ("name", "settings", "created_at", "updated_at") VALUES ($1, $2, $3, $4) RETURNING "id"[0m  [["name", "Button6"], ["settings", "{rotateX: 20, color: blue, positionX: 3}"], ["created_at", "2019-10-30 20:50:07.591604"], ["updated_at", "2019-10-30 20:50:07.591604"]]
  [1m[35m (1.5ms)[0m  [1m[35mCOMMIT[0m
  [1m[36mProject Load (0.3ms)[0m  [1m[34mSELECT "projects".* FROM "projects" WHERE "projects"."name" = $1 AND "projects"."user_id" = $2 AND "projects"."animation_id" = $3 LIMIT $4[0m  [["name", "Project1"], ["user_id", 1], ["animation_id", 1], ["LIMIT", 1]]
  [1m[36mProject Load (0.5ms)[0m  [1m[34mSELECT "projects".* FROM "projects" WHERE "projects"."name" = $1 AND "projects"."user_id" = $2 AND "projects"."animation_id" = $3 LIMIT $4[0m  [["name", "Project2"], ["user_id", 1], ["animation_id", 2], ["LIMIT", 1]]
  [1m[36mProject Load (0.6ms)[0m  [1m[34mSELECT "projects".* FROM "projects" WHERE "projects"."name" = $1 AND "projects"."user_id" = $2 AND "projects"."animation_id" = $3 LIMIT $4[0m  [["name", "Project3"], ["user_id", 1], ["animation_id", 3], ["LIMIT", 1]]
  [1m[36mProject Load (0.6ms)[0m  [1m[34mSELECT "projects".* FROM "projects" WHERE "projects"."name" = $1 AND "projects"."user_id" = $2 AND "projects"."animation_id" = $3 LIMIT $4[0m  [["name", "Project4"], ["user_id", 2], ["animation_id", 4], ["LIMIT", 1]]
